<?xml version="1.0" encoding="UTF-8"?>
<!-- Generated by org.testng.reporters.JUnitXMLReporter -->
<testsuite ignored="0" hostname="Nehas-MacBook-Air.local" failures="0" tests="5" name="Neha" time="0.081" errors="0" timestamp="2020-12-25T15:11:07 IST">
  <testcase classname="DemoTestng.NewTest" name="demo1" time="0.013"/>
  <testcase classname="DemoTestng.NewTest" name="logIn" time="0.003"/>
  <testcase classname="DemoTestng.NewTest" name="signUp" time="0.003"/>
  <testcase classname="DemoTestng.NewTest" name="demo2" time="0.002"/>
  <testcase classname="DemoTestng.NewTest2" name="SearchCart" time="0.003"/>
</testsuite> <!-- Neha -->
