<?xml version="1.0" encoding="UTF-8"?>
<!-- Generated by org.testng.reporters.JUnitXMLReporter -->
<testsuite ignored="0" hostname="Nehas-MacBook-Air.local" failures="0" tests="6" name="Sanity" time="0.085" errors="0" timestamp="2020-12-26T10:42:51 IST">
  <testcase classname="DemoTestng.NewTest2" name="searchCart" time="0.006"/>
  <testcase classname="DemoTestng.NewTest2" name="proceedToCheckout" time="0.004"/>
  <testcase classname="DemoTestng.NewTest2" name="xaddToCart" time="0.004"/>
  <testcase classname="DemoTestng.NewTest" name="demo2" time="0.003"/>
  <testcase classname="DemoTestng.NewTest" name="logIn" time="0.002"/>
  <testcase classname="DemoTestng.NewTest" name="signUp" time="0.003"/>
</testsuite> <!-- Sanity -->
