<?xml version="1.0" encoding="UTF-8"?>
<!-- Generated by org.testng.reporters.JUnitXMLReporter -->
<testsuite ignored="14" hostname="Nehas-MacBook-Air.local" failures="0" tests="1" name="TestName1" time="0.624" errors="0" timestamp="2021-05-09T12:44:14 IST">
  <testcase classname="DemoTestng.NewTest" name="demo1" time="0.01"/>
  <testcase classname="DemoTestng.NewTest" name="selGrid" time="0.0">
    <ignored/>
  </testcase> <!-- selGrid -->
  <testcase classname="DemoTestng.NewTest" name="envCheck" time="0.0">
    <ignored/>
  </testcase> <!-- envCheck -->
  <testcase classname="DemoTestng.NewTest" name="validateUserLogIn" time="0.0">
    <ignored/>
  </testcase> <!-- validateUserLogIn -->
  <testcase classname="DemoTestng.NewTest" name="paymentMethod" time="0.0">
    <ignored/>
  </testcase> <!-- paymentMethod -->
  <testcase classname="DemoTestng.NewTest" name="dbConnection" time="0.0">
    <ignored/>
  </testcase> <!-- dbConnection -->
  <testcase classname="DemoTestng.NewTest" name="registration" time="0.0">
    <ignored/>
  </testcase> <!-- registration -->
  <testcase classname="DemoTestng.NewTest" name="validateTestEnvURL" time="0.0">
    <ignored/>
  </testcase> <!-- validateTestEnvURL -->
  <testcase classname="DemoTestng.NewTest" name="validateUser" time="0.0">
    <ignored/>
  </testcase> <!-- validateUser -->
  <testcase classname="DemoTestng.NewTest" name="getTitleOfPage" time="0.0">
    <ignored/>
  </testcase> <!-- getTitleOfPage -->
  <testcase classname="DemoTestng.NewTest" name="proceedToCheckout" time="0.0">
    <ignored/>
  </testcase> <!-- proceedToCheckout -->
  <testcase classname="DemoTestng.NewTest" name="logIn" time="0.0">
    <ignored/>
  </testcase> <!-- logIn -->
  <testcase classname="DemoTestng.NewTest" name="cleanData" time="0.0">
    <ignored/>
  </testcase> <!-- cleanData -->
  <testcase classname="DemoTestng.NewTest" name="orderPlace" time="0.0">
    <ignored/>
  </testcase> <!-- orderPlace -->
  <testcase classname="DemoTestng.NewTest" name="test" time="0.0">
    <ignored/>
  </testcase> <!-- test -->
</testsuite> <!-- TestName1 -->
