<?xml version="1.0" encoding="UTF-8"?>
<!-- Generated by org.testng.reporters.JUnitXMLReporter -->
<testsuite ignored="2" hostname="Nehas-MacBook-Air.local" failures="0" tests="1" name="Test2" time="6.274" errors="0" timestamp="2021-05-14T19:45:28 IST">
  <testcase classname="DemoTestng.NewTest2" name="searchCart" time="5.965"/>
  <testcase classname="DemoTestng.NewTest2" name="proceedToCheckout" time="0.0">
    <ignored/>
  </testcase> <!-- proceedToCheckout -->
  <testcase classname="DemoTestng.NewTest2" name="xaddToCart" time="0.0">
    <ignored/>
  </testcase> <!-- xaddToCart -->
</testsuite> <!-- Test2 -->
