<?xml version="1.0" encoding="UTF-8"?>
<!-- Generated by org.testng.reporters.JUnitXMLReporter -->
<testsuite ignored="15" hostname="Nehas-MacBook-Air.local" failures="0" tests="2" name="Test" time="7.531" errors="0" timestamp="2021-05-14T19:45:21 IST">
  <testcase classname="DemoTestng.NewTest" name="demo1" time="0.015"/>
  <testcase classname="DemoTestng.NewTest" name="signUp" time="0.001"/>
  <testcase classname="DemoTestng.NewTest" name="validateUserLogIn" time="0.0">
    <ignored/>
  </testcase> <!-- validateUserLogIn -->
  <testcase classname="DemoTestng.NewTest" name="paymentMethod" time="0.0">
    <ignored/>
  </testcase> <!-- paymentMethod -->
  <testcase classname="DemoTestng.NewTest" name="dbConnection" time="0.0">
    <ignored/>
  </testcase> <!-- dbConnection -->
  <testcase classname="DemoTestng.NewTest" name="selGrid" time="0.0">
    <ignored/>
  </testcase> <!-- selGrid -->
  <testcase classname="DemoTestng.NewTest" name="envCheck" time="0.0">
    <ignored/>
  </testcase> <!-- envCheck -->
  <testcase classname="DemoTestng.NewTest" name="test" time="0.0">
    <ignored/>
  </testcase> <!-- test -->
  <testcase classname="DemoTestng.NewTest" name="registration" time="0.0">
    <ignored/>
  </testcase> <!-- registration -->
  <testcase classname="DemoTestng.NewTest" name="validateTestEnvURL" time="0.0">
    <ignored/>
  </testcase> <!-- validateTestEnvURL -->
  <testcase classname="DemoTestng.NewTest" name="demo2" time="0.0">
    <ignored/>
  </testcase> <!-- demo2 -->
  <testcase classname="DemoTestng.NewTest" name="validateUser" time="0.0">
    <ignored/>
  </testcase> <!-- validateUser -->
  <testcase classname="DemoTestng.NewTest" name="getTitleOfPage" time="0.0">
    <ignored/>
  </testcase> <!-- getTitleOfPage -->
  <testcase classname="DemoTestng.NewTest" name="proceedToCheckout" time="0.0">
    <ignored/>
  </testcase> <!-- proceedToCheckout -->
  <testcase classname="DemoTestng.NewTest" name="logIn" time="0.0">
    <ignored/>
  </testcase> <!-- logIn -->
  <testcase classname="DemoTestng.NewTest" name="cleanData" time="0.0">
    <ignored/>
  </testcase> <!-- cleanData -->
  <testcase classname="DemoTestng.NewTest" name="orderPlace" time="0.0">
    <ignored/>
  </testcase> <!-- orderPlace -->
</testsuite> <!-- Test -->
