<?xml version="1.0" encoding="UTF-8"?>
<testng-results total="3" passed="3" failed="0" skipped="0">
  <reporter-output>
  </reporter-output>
  <suite started-at="2021-05-10T14:35:04Z" name="Suite" finished-at="2021-05-10T14:35:16Z" duration-ms="11739">
    <groups>
    </groups>
    <test started-at="2021-05-10T14:35:04Z" name="Test" finished-at="2021-05-10T14:35:10Z" duration-ms="5818">
      <class name="DemoTestng.NewTest">
        <test-method is-config="true" signature="openURL()[pri:0, instance:DemoTestng.NewTest@79145d5a]" started-at="2021-05-10T20:05:04Z" name="openURL" finished-at="2021-05-10T20:05:10Z" duration-ms="5335" status="PASS">
          <reporter-output>
          </reporter-output>
        </test-method> <!-- openURL -->
        <test-method is-config="true" signature="setUp()[pri:0, instance:DemoTestng.NewTest@79145d5a]" started-at="2021-05-10T20:05:10Z" name="setUp" finished-at="2021-05-10T20:05:10Z" duration-ms="426" status="PASS">
          <reporter-output>
          </reporter-output>
        </test-method> <!-- setUp -->
        <test-method signature="demo1()[pri:0, instance:DemoTestng.NewTest@79145d5a]" started-at="2021-05-10T20:05:10Z" name="demo1" finished-at="2021-05-10T20:05:10Z" duration-ms="32" status="PASS">
          <reporter-output>
          </reporter-output>
        </test-method> <!-- demo1 -->
        <test-method signature="signUp()[pri:0, instance:DemoTestng.NewTest@79145d5a]" started-at="2021-05-10T20:05:10Z" name="signUp" finished-at="2021-05-10T20:05:10Z" duration-ms="0" status="PASS">
          <reporter-output>
          </reporter-output>
        </test-method> <!-- signUp -->
      </class> <!-- DemoTestng.NewTest -->
    </test> <!-- Test -->
    <test started-at="2021-05-10T14:35:11Z" name="Test2" finished-at="2021-05-10T14:35:16Z" duration-ms="5307">
      <class name="DemoTestng.NewTest2">
        <test-method is-config="true" signature="sessionTimeout()[pri:0, instance:DemoTestng.NewTest2@47db5fa5]" started-at="2021-05-10T20:05:11Z" name="sessionTimeout" finished-at="2021-05-10T20:05:11Z" duration-ms="0" status="PASS">
          <reporter-output>
          </reporter-output>
        </test-method> <!-- sessionTimeout -->
        <test-method signature="searchCart()[pri:0, instance:DemoTestng.NewTest2@47db5fa5]" started-at="2021-05-10T20:05:11Z" name="searchCart" finished-at="2021-05-10T20:05:15Z" duration-ms="4677" status="PASS">
          <reporter-output>
          </reporter-output>
        </test-method> <!-- searchCart -->
        <test-method is-config="true" signature="closeBrowser()[pri:0, instance:DemoTestng.NewTest2@47db5fa5]" started-at="2021-05-10T20:05:15Z" name="closeBrowser" finished-at="2021-05-10T20:05:16Z" duration-ms="628" status="PASS">
          <reporter-output>
          </reporter-output>
        </test-method> <!-- closeBrowser -->
      </class> <!-- DemoTestng.NewTest2 -->
    </test> <!-- Test2 -->
  </suite> <!-- Suite -->
</testng-results>
