<?xml version="1.0" encoding="UTF-8"?>
<testsuite xmlns:xsi="http://www.w3.org/2001/XMLSchema-instance" xsi:noNamespaceSchemaLocation="https://maven.apache.org/surefire/maven-surefire-plugin/xsd/surefire-test-report-3.0.xsd" version="3.0" name="TestSuite" time="16.552" tests="3" errors="0" skipped="0" failures="0">
  <properties>
[...]
</properties>
  <testcase name="demo1" classname="DemoTestng.NewTest" time="0">
    <system-out><![CDATA[Driver Initialized and git learning
pull the code to local machine for git learning
 demo 1 
]]></system-out>
    <system-err><![CDATA[ERROR StatusLogger No log4j2 configuration file found. Using default configuration: logging only errors to the console. Set system property 'org.apache.logging.log4j.simplelog.StatusLogger.level' to TRACE to show Log4j2 internal initialization logging.
Starting ChromeDriver 89.0.4389.23 (61b08ee2c50024bab004e48d2b1b083cdbdac579-refs/branch-heads/4389@{#294}) on port 47377
Only local connections are allowed.
Please see https://chromedriver.chromium.org/security-considerations for suggestions on keeping ChromeDriver safe.
ChromeDriver was started successfully.
[1621001717.782][WARNING]: This version of ChromeDriver has not been tested with Chrome version 90.
]]></system-err>
  </testcase>
  <testcase name="signUp" classname="DemoTestng.NewTest" time="0">
    <system-out><![CDATA[deleted all cookies after every method
 sign up 
]]></system-out>
  </testcase>
  <testcase name="searchCart" classname="DemoTestng.NewTest2" time="5.998">
    <system-out><![CDATA[deleted all cookies after every method
Close browser
To check session timeout
Search for items
]]></system-out>
    <system-err><![CDATA[Starting ChromeDriver 89.0.4389.23 (61b08ee2c50024bab004e48d2b1b083cdbdac579-refs/branch-heads/4389@{#294}) on port 25736
Only local connections are allowed.
Please see https://chromedriver.chromium.org/security-considerations for suggestions on keeping ChromeDriver safe.
ChromeDriver was started successfully.
[1621001724.755][WARNING]: This version of ChromeDriver has not been tested with Chrome version 90.
]]></system-err>
  </testcase>
</testsuite>