<?xml version="1.0" encoding="UTF-8"?>
<testng-results ignored="17" total="20" passed="3" failed="0" skipped="0">
  <reporter-output>
  </reporter-output>
  <suite started-at="2021-05-13T17:05:55 IST" name="Suite" finished-at="2021-05-13T17:06:08 IST" duration-ms="12541">
    <groups>
    </groups>
    <test started-at="2021-05-13T17:05:55 IST" name="Test" finished-at="2021-05-13T17:06:01 IST" duration-ms="5700">
      <class name="DemoTestng.NewTest">
        <test-method is-config="true" signature="openURL()[pri:0, instance:DemoTestng.NewTest@340da44c]" started-at="2021-05-13T17:05:55 IST" name="openURL" finished-at="2021-05-13T17:06:00 IST" duration-ms="5070" status="PASS">
          <reporter-output>
          </reporter-output>
        </test-method> <!-- openURL -->
        <test-method is-config="true" signature="setUp()[pri:0, instance:DemoTestng.NewTest@340da44c]" started-at="2021-05-13T17:06:00 IST" name="setUp" finished-at="2021-05-13T17:06:01 IST" duration-ms="551" status="PASS">
          <reporter-output>
          </reporter-output>
        </test-method> <!-- setUp -->
        <test-method signature="demo1()[pri:0, instance:DemoTestng.NewTest@340da44c]" started-at="2021-05-13T17:06:01 IST" name="demo1" finished-at="2021-05-13T17:06:01 IST" duration-ms="11" status="PASS">
          <reporter-output>
          </reporter-output>
        </test-method> <!-- demo1 -->
        <test-method signature="signUp()[pri:1, instance:DemoTestng.NewTest@340da44c]" started-at="2021-05-13T17:06:01 IST" name="signUp" finished-at="2021-05-13T17:06:01 IST" duration-ms="1" status="PASS">
          <reporter-output>
          </reporter-output>
        </test-method> <!-- signUp -->
      </class> <!-- DemoTestng.NewTest -->
    </test> <!-- Test -->
    <test started-at="2021-05-13T17:06:01 IST" name="Test2" finished-at="2021-05-13T17:06:08 IST" duration-ms="6352">
      <class name="DemoTestng.NewTest2">
        <test-method is-config="true" signature="sessionTimeout()[pri:0, instance:DemoTestng.NewTest2@1a9c38eb]" started-at="2021-05-13T17:06:01 IST" name="sessionTimeout" finished-at="2021-05-13T17:06:01 IST" duration-ms="1" status="PASS">
          <reporter-output>
          </reporter-output>
        </test-method> <!-- sessionTimeout -->
        <test-method signature="searchCart()[pri:0, instance:DemoTestng.NewTest2@1a9c38eb]" started-at="2021-05-13T17:06:01 IST" name="searchCart" finished-at="2021-05-13T17:06:07 IST" duration-ms="5662" status="PASS">
          <reporter-output>
          </reporter-output>
        </test-method> <!-- searchCart -->
        <test-method is-config="true" signature="closeBrowser()[pri:0, instance:DemoTestng.NewTest2@1a9c38eb]" started-at="2021-05-13T17:06:07 IST" name="closeBrowser" finished-at="2021-05-13T17:06:08 IST" duration-ms="687" status="PASS">
          <reporter-output>
          </reporter-output>
        </test-method> <!-- closeBrowser -->
      </class> <!-- DemoTestng.NewTest2 -->
    </test> <!-- Test2 -->
  </suite> <!-- Suite -->
</testng-results>
