<?xml version="1.0" encoding="UTF-8" ?>
<testsuite tests="17" failures="1" name="DemoTestng.NewTest" time="0.077" errors="0" skipped="2">
  <properties>
[...]
</properties>
  <testcase classname="DemoTestng.NewTest" name="dbConnection" time="0.003"/>
  <testcase classname="DemoTestng.NewTest" name="demo2" time="0"/>
  <testcase classname="DemoTestng.NewTest" name="envCheck" time="0"/>
  <testcase classname="DemoTestng.NewTest" name="getTitleOfPage" time="0"/>
  <testcase classname="DemoTestng.NewTest" name="orderPlace" time="0"/>
  <testcase classname="DemoTestng.NewTest" name="paymentMethod" time="0.005"/>
  <testcase classname="DemoTestng.NewTest" name="selGrid" time="0.002"/>
  <testcase classname="DemoTestng.NewTest" name="validateUser" time="0"/>
  <testcase classname="DemoTestng.NewTest" name="validateUserLogIn" time="0"/>
  <testcase classname="DemoTestng.NewTest" name="validateUserLogIn" time="0.001"/>
  <testcase classname="DemoTestng.NewTest" name="logIn" time="0.001">
    <skipped/>
  </testcase>
  <testcase classname="DemoTestng.NewTest" name="registration" time="0.001">
    <skipped/>
  </testcase>
  <testcase classname="DemoTestng.NewTest" name="openURL" time="0.011">
    <failure type="java.lang.NullPointerException">java.lang.NullPointerException
	at DemoTest.BaseClass.initializeDriver(BaseClass.java:44)
	at DemoTestng.NewTest.openURL(NewTest.java:35)
</failure>
    <system-out>1
2
3
</system-out>
  </testcase>
  <testcase classname="DemoTestng.NewTest" name="test" time="0.053"/>
  <testcase classname="DemoTestng.NewTest" name="signUp" time="0"/>
  <testcase classname="DemoTestng.NewTest" name="validateTestEnvURL" time="0"/>
  <testcase classname="DemoTestng.NewTest" name="demo1" time="0"/>
</testsuite>