<?xml version="1.0" encoding="UTF-8"?>
<testng-results ignored="17" total="20" passed="3" failed="0" skipped="0">
  <reporter-output>
  </reporter-output>
  <suite started-at="2021-05-14T19:46:50 IST" name="Suite" finished-at="2021-05-14T19:47:02 IST" duration-ms="11589">
    <groups>
    </groups>
    <test started-at="2021-05-14T19:46:50 IST" name="Test" finished-at="2021-05-14T19:46:57 IST" duration-ms="6314">
      <class name="DemoTestng.NewTest">
        <test-method is-config="true" signature="openURL()[pri:0, instance:DemoTestng.NewTest@1a9c38eb]" started-at="2021-05-14T19:46:50 IST" name="openURL" finished-at="2021-05-14T19:46:56 IST" duration-ms="5341" status="PASS">
          <reporter-output>
          </reporter-output>
        </test-method> <!-- openURL -->
        <test-method is-config="true" signature="setUp()[pri:0, instance:DemoTestng.NewTest@1a9c38eb]" started-at="2021-05-14T19:46:56 IST" name="setUp" finished-at="2021-05-14T19:46:56 IST" duration-ms="674" status="PASS">
          <reporter-output>
          </reporter-output>
        </test-method> <!-- setUp -->
        <test-method signature="demo1()[pri:0, instance:DemoTestng.NewTest@1a9c38eb]" started-at="2021-05-14T19:46:56 IST" name="demo1" finished-at="2021-05-14T19:46:56 IST" duration-ms="18" status="PASS">
          <reporter-output>
          </reporter-output>
        </test-method> <!-- demo1 -->
        <test-method is-config="true" signature="afterMethod()[pri:0, instance:DemoTestng.NewTest@1a9c38eb]" started-at="2021-05-14T19:46:56 IST" name="afterMethod" finished-at="2021-05-14T19:46:56 IST" duration-ms="26" status="PASS">
          <reporter-output>
          </reporter-output>
        </test-method> <!-- afterMethod -->
        <test-method signature="signUp()[pri:1, instance:DemoTestng.NewTest@1a9c38eb]" started-at="2021-05-14T19:46:56 IST" name="signUp" finished-at="2021-05-14T19:46:56 IST" duration-ms="3" status="PASS">
          <reporter-output>
          </reporter-output>
        </test-method> <!-- signUp -->
        <test-method is-config="true" signature="afterMethod()[pri:0, instance:DemoTestng.NewTest@1a9c38eb]" started-at="2021-05-14T19:46:56 IST" name="afterMethod" finished-at="2021-05-14T19:46:57 IST" duration-ms="34" status="PASS">
          <reporter-output>
          </reporter-output>
        </test-method> <!-- afterMethod -->
        <test-method is-config="true" signature="afterTest()[pri:0, instance:DemoTestng.NewTest@1a9c38eb]" started-at="2021-05-14T19:46:57 IST" name="afterTest" finished-at="2021-05-14T19:46:57 IST" duration-ms="138" status="PASS">
          <reporter-output>
          </reporter-output>
        </test-method> <!-- afterTest -->
      </class> <!-- DemoTestng.NewTest -->
    </test> <!-- Test -->
    <test started-at="2021-05-14T19:46:57 IST" name="Test2" finished-at="2021-05-14T19:47:02 IST" duration-ms="4725">
      <class name="DemoTestng.NewTest2">
        <test-method is-config="true" signature="sessionTimeout()[pri:0, instance:DemoTestng.NewTest2@781f10f2]" started-at="2021-05-14T19:46:57 IST" name="sessionTimeout" finished-at="2021-05-14T19:46:57 IST" duration-ms="1" status="PASS">
          <reporter-output>
          </reporter-output>
        </test-method> <!-- sessionTimeout -->
        <test-method signature="searchCart()[pri:0, instance:DemoTestng.NewTest2@781f10f2]" started-at="2021-05-14T19:46:57 IST" name="searchCart" finished-at="2021-05-14T19:47:02 IST" duration-ms="4559" status="PASS">
          <reporter-output>
          </reporter-output>
        </test-method> <!-- searchCart -->
        <test-method is-config="true" signature="afterMethod()[pri:0, instance:DemoTestng.NewTest2@781f10f2]" started-at="2021-05-14T19:47:02 IST" name="afterMethod" finished-at="2021-05-14T19:47:02 IST" duration-ms="20" status="PASS">
          <reporter-output>
          </reporter-output>
        </test-method> <!-- afterMethod -->
        <test-method is-config="true" signature="afterTest()[pri:0, instance:DemoTestng.NewTest2@781f10f2]" started-at="2021-05-14T19:47:02 IST" name="afterTest" finished-at="2021-05-14T19:47:02 IST" duration-ms="137" status="PASS">
          <reporter-output>
          </reporter-output>
        </test-method> <!-- afterTest -->
      </class> <!-- DemoTestng.NewTest2 -->
    </test> <!-- Test2 -->
  </suite> <!-- Suite -->
</testng-results>
