<?xml version="1.0" encoding="UTF-8"?>
<!-- Generated by org.testng.reporters.JUnitXMLReporter -->
<testsuite hostname="Nehas-MacBook-Air.local" failures="1" tests="17" name="Command line test" time="0.791" errors="0" timestamp="2 Jan 2021 11:15:49 GMT">
  <testcase classname="DemoTestng.NewTest" name="dbConnection" time="0.001"/>
  <testcase classname="DemoTestng.NewTest" name="demo2" time="0.0"/>
  <testcase classname="DemoTestng.NewTest" name="envCheck" time="0.0"/>
  <testcase classname="DemoTestng.NewTest" name="getTitleOfPage" time="0.0"/>
  <testcase classname="DemoTestng.NewTest" name="orderPlace" time="0.0"/>
  <testcase classname="DemoTestng.NewTest" name="paymentMethod" time="0.011"/>
  <testcase classname="DemoTestng.NewTest" name="selGrid" time="0.002"/>
  <testcase classname="DemoTestng.NewTest" name="validateUser" time="0.001"/>
  <testcase classname="DemoTestng.NewTest" name="validateUserLogIn" time="0.0"/>
  <testcase classname="DemoTestng.NewTest" name="validateUserLogIn" time="0.0"/>
  <testcase classname="DemoTestng.NewTest" name="logIn" time="0.002">
    <skipped/>
  </testcase> <!-- logIn -->
  <testcase classname="DemoTestng.NewTest" name="registration" time="0.0">
    <skipped/>
  </testcase> <!-- registration -->
  <testcase classname="DemoTestng.NewTest" name="openURL" time="0.002">
    <failure type="java.lang.NullPointerException">
      <![CDATA[java.lang.NullPointerException
	at DemoTest.BaseClass.initializeDriver(BaseClass.java:44)
	at DemoTestng.NewTest.openURL(NewTest.java:35)
... Removed 33 stack frames]]>
    </failure>
  </testcase> <!-- openURL -->
  <testcase classname="DemoTestng.NewTest" name="test" time="0.059"/>
  <testcase classname="DemoTestng.NewTest" name="signUp" time="0.001"/>
  <testcase classname="DemoTestng.NewTest" name="validateTestEnvURL" time="0.0"/>
  <testcase classname="DemoTestng.NewTest" name="demo1" time="0.0"/>
</testsuite> <!-- Command line test -->
